14
0x7ffe75caa84c
2
0x601058
15
0x7ffe75caa848
16
0x7ffe75caa840
20
0x7ffe75caa83c
21
0x7ffe75caa830
24
0x7ffe75caa828
25
0x7ffe75caa820
35
0x7ffe75caa818
39
0x7ffe75caa810
17
0x7ffe75caa938
18
0x7ffe75caa940
19
0x7ffe75cac9f3
23
0x24384a0
22
0x24384a0
26
0x24384c0
27
0x24384a0
6
0x7ffe75caa778
7
0x7ffe75caa770
8
0x24384a0
9
0x24384c0
10
0x24384c0
28
0x24384c0
29
0x24384c8
30
0x24384e0
31
0x24384a0
6
0x7ffe75caa778
7
0x7ffe75caa770
8
0x24384a0
9
0x24384e0
10
0x24384e0
32
0x24384c0
33
0x24384c0
34
0x24384a0
11
0x7ffe75caa778
13
0x24384a0
12
0x24384a0
36
0x24384e0
37
0x24384e0
38
0x24384a0
11
0x7ffe75caa778
13
0x24384a0
12
0x24384a0
